2020-03-25 12:44:09,336 - nornir.plugins.inventory.simple -    DEBUG -   __init__() - File 'defaults.yaml' was not found
2020-03-25 12:44:09,833 -  nornir.core -     INFO -        run() - Running task 'basic_template' with args {'vars': {'ip': '196.223.21.42', 'asn': '37100', 'router': 'ke-pe3-nbi', 'peer_group': 'IX-KIXP', 'description': 'PEER::SEACOM', 'ipv4_limit': 4400, 'ipv6_limit': 220, 'ip_version': 4}} on 1 hosts
2020-03-25 12:44:09,835 - nornir.core.task -    DEBUG -      start() - Host 'ke-pe3-nbi': running task 'basic_template'
2020-03-25 12:44:09,851 - nornir.core.task -    DEBUG -      start() - Host 'ke-pe3-nbi': running task 'Base Configuration'
2020-03-25 12:44:18,234 - nornir.plugins.inventory.simple -    DEBUG -   __init__() - File 'defaults.yaml' was not found
2020-03-25 12:44:26,047 -  nornir.core -     INFO -        run() - Running task "Loading Configuration on the device {'ke-pe3-nbi': Host: ke-pe3-nbi}" with args {'name': "Loading Configuration on the device {'ke-pe3-nbi': Host: ke-pe3-nbi}", 'replace': False, 'configuration': 'protocols {        bgp {            group IX-KIXP {                neighbor 196.223.21.42 {                description "PEER::SEACOM";                   family inet {                        unicast {                            prefix-limit {                                maximum 4400;                                teardown 80;                            }                        }                    }                   peer-as 37100;                }            }        }    }'} on 1 hosts
2020-03-25 12:44:26,055 - nornir.core.task -    DEBUG -      start() - Host 'ke-pe3-nbi': running task "Loading Configuration on the device {'ke-pe3-nbi': Host: ke-pe3-nbi}"
2020-03-25 12:44:30,191 -  nornir.core -     INFO -        run() - Running task 'close_connections_task' with args {} on 1 hosts
2020-03-25 12:44:30,192 - nornir.core.task -    DEBUG -      start() - Host 'ke-pe3-nbi': running task 'close_connections_task'
2020-03-25 12:46:00,869 - nornir.plugins.inventory.simple -    DEBUG -   __init__() - File 'defaults.yaml' was not found
2020-03-25 12:46:01,369 -  nornir.core -     INFO -        run() - Running task 'basic_template' with args {'vars': {'ip': '2001:43f8:60:1::42', 'asn': '37100', 'router': 'ke-pe3-nbi', 'peer_group': 'IX-KIXP', 'description': 'PEER::SEACOM', 'ipv4_limit': 4400, 'ipv6_limit': 220, 'ip_version': 6}} on 1 hosts
2020-03-25 12:46:01,375 - nornir.core.task -    DEBUG -      start() - Host 'ke-pe3-nbi': running task 'basic_template'
2020-03-25 12:46:01,377 - nornir.core.task -    DEBUG -      start() - Host 'ke-pe3-nbi': running task 'Base Configuration'
2020-03-25 12:46:02,860 - nornir.plugins.inventory.simple -    DEBUG -   __init__() - File 'defaults.yaml' was not found
2020-03-25 12:46:09,776 -  nornir.core -     INFO -        run() - Running task "Loading Configuration on the device {'ke-pe3-nbi': Host: ke-pe3-nbi}" with args {'name': "Loading Configuration on the device {'ke-pe3-nbi': Host: ke-pe3-nbi}", 'replace': False, 'configuration': 'protocols {        bgp {            group IX-KIXP {                neighbor 2001:43f8:60:1::42 {                description "PEER::SEACOM";                   family inet6 {                        unicast {                            prefix-limit {                                maximum 220;                                teardown 80;                            }                        }                    }                   peer-as 37100;                }            }        }    }'} on 1 hosts
2020-03-25 12:46:09,778 - nornir.core.task -    DEBUG -      start() - Host 'ke-pe3-nbi': running task "Loading Configuration on the device {'ke-pe3-nbi': Host: ke-pe3-nbi}"
2020-03-25 12:46:14,160 -  nornir.core -     INFO -        run() - Running task 'close_connections_task' with args {} on 1 hosts
2020-03-25 12:46:14,163 - nornir.core.task -    DEBUG -      start() - Host 'ke-pe3-nbi': running task 'close_connections_task'
2020-03-25 12:47:05,680 - nornir.plugins.inventory.simple -    DEBUG -   __init__() - File 'defaults.yaml' was not found
2020-03-25 12:47:06,129 -  nornir.core -     INFO -        run() - Running task 'basic_template' with args {'vars': {'ip': '195.66.224.68', 'asn': '30844', 'router': 'gb-pe5-lon', 'peer_group': 'IX-LINX-LON1', 'description': 'PEER::LIQUID-TELECOMMUNICATIONS-LTD', 'ipv4_limit': 5500, 'ipv6_limit': 1100, 'ip_version': 4}} on 1 hosts
2020-03-25 12:47:06,131 - nornir.core.task -    DEBUG -      start() - Host 'gb-pe5-lon': running task 'basic_template'
2020-03-25 12:47:06,133 - nornir.core.task -    DEBUG -      start() - Host 'gb-pe5-lon': running task 'Base Configuration'
2020-03-25 12:47:07,238 - nornir.plugins.inventory.simple -    DEBUG -   __init__() - File 'defaults.yaml' was not found
2020-03-25 12:47:08,229 -  nornir.core -     INFO -        run() - Running task "Loading Configuration on the device {'gb-pe5-lon': Host: gb-pe5-lon}" with args {'name': "Loading Configuration on the device {'gb-pe5-lon': Host: gb-pe5-lon}", 'replace': False, 'configuration': 'protocols {        bgp {            group IX-LINX-LON1 {                neighbor 195.66.224.68 {                description "PEER::LIQUID-TELECOMMUNICATIONS-LTD";                   family inet {                        unicast {                            prefix-limit {                                maximum 5500;                                teardown 80;                            }                        }                    }                   peer-as 30844;                }            }        }    }'} on 1 hosts
2020-03-25 12:47:08,235 - nornir.core.task -    DEBUG -      start() - Host 'gb-pe5-lon': running task "Loading Configuration on the device {'gb-pe5-lon': Host: gb-pe5-lon}"
2020-03-25 12:47:11,976 -  nornir.core -     INFO -        run() - Running task 'close_connections_task' with args {} on 1 hosts
2020-03-25 12:47:11,977 - nornir.core.task -    DEBUG -      start() - Host 'gb-pe5-lon': running task 'close_connections_task'
2020-03-25 12:47:30,368 - nornir.plugins.inventory.simple -    DEBUG -   __init__() - File 'defaults.yaml' was not found
2020-03-25 12:47:30,800 -  nornir.core -     INFO -        run() - Running task 'basic_template' with args {'vars': {'ip': '2001:7f8:4::787c:1', 'asn': '30844', 'router': 'gb-pe5-lon', 'peer_group': 'IX-LINX-LON1', 'description': 'PEER::LIQUID-TELECOMMUNICATIONS-LTD', 'ipv4_limit': 5500, 'ipv6_limit': 1100, 'ip_version': 6}} on 1 hosts
2020-03-25 12:47:30,801 - nornir.core.task -    DEBUG -      start() - Host 'gb-pe5-lon': running task 'basic_template'
2020-03-25 12:47:30,802 - nornir.core.task -    DEBUG -      start() - Host 'gb-pe5-lon': running task 'Base Configuration'
2020-03-25 12:47:31,812 - nornir.plugins.inventory.simple -    DEBUG -   __init__() - File 'defaults.yaml' was not found
2020-03-25 12:47:33,043 -  nornir.core -     INFO -        run() - Running task "Loading Configuration on the device {'gb-pe5-lon': Host: gb-pe5-lon}" with args {'name': "Loading Configuration on the device {'gb-pe5-lon': Host: gb-pe5-lon}", 'replace': False, 'configuration': 'protocols {        bgp {            group IX-LINX-LON1 {                neighbor 2001:7f8:4::787c:1 {                description "PEER::LIQUID-TELECOMMUNICATIONS-LTD";                   family inet6 {                        unicast {                            prefix-limit {                                maximum 1100;                                teardown 80;                            }                        }                    }                   peer-as 30844;                }            }        }    }'} on 1 hosts
2020-03-25 12:47:33,049 - nornir.core.task -    DEBUG -      start() - Host 'gb-pe5-lon': running task "Loading Configuration on the device {'gb-pe5-lon': Host: gb-pe5-lon}"
2020-03-25 12:47:37,862 -  nornir.core -     INFO -        run() - Running task 'close_connections_task' with args {} on 1 hosts
2020-03-25 12:47:37,868 - nornir.core.task -    DEBUG -      start() - Host 'gb-pe5-lon': running task 'close_connections_task'
